<?xml version="1.0" encoding="UTF-8"?>
<testng-results ignored="0" total="1" passed="1" failed="0" skipped="0">
  <reporter-output>
  </reporter-output>
  <suite started-at="2024-11-25T16:00:56 IST" name="Default suite" finished-at="2024-11-25T16:01:26 IST" duration-ms="29671">
    <groups>
    </groups>
    <test started-at="2024-11-25T16:00:56 IST" name="Default test" finished-at="2024-11-25T16:01:26 IST" duration-ms="29671">
      <class name="com.onsite.other_expenses.Create_other_expenses_test">
        <test-method is-config="true" signature="setUpDriver()[pri:0, instance:com.onsite.other_expenses.Create_other_expenses_test@4c12331b]" started-at="2024-11-25T16:00:56 IST" name="setUpDriver" finished-at="2024-11-25T16:01:13 IST" duration-ms="16288" status="PASS">
          <reporter-output>
          </reporter-output>
        </test-method> <!-- setUpDriver -->
        <test-method is-config="true" signature="setUp()[pri:0, instance:com.onsite.other_expenses.Create_other_expenses_test@4c12331b]" started-at="2024-11-25T16:01:13 IST" name="setUp" finished-at="2024-11-25T16:01:13 IST" duration-ms="8" status="PASS">
          <reporter-output>
          </reporter-output>
        </test-method> <!-- setUp -->
        <test-method signature="verifyCreateOtherExpensePage()[pri:0, instance:com.onsite.other_expenses.Create_other_expenses_test@4c12331b]" started-at="2024-11-25T16:01:13 IST" name="verifyCreateOtherExpensePage" finished-at="2024-11-25T16:01:26 IST" duration-ms="13102" status="PASS">
          <reporter-output>
          </reporter-output>
        </test-method> <!-- verifyCreateOtherExpensePage -->
        <test-method is-config="true" signature="tearDown()[pri:0, instance:com.onsite.other_expenses.Create_other_expenses_test@4c12331b]" started-at="2024-11-25T16:01:26 IST" name="tearDown" finished-at="2024-11-25T16:01:26 IST" duration-ms="241" status="PASS">
          <reporter-output>
          </reporter-output>
        </test-method> <!-- tearDown -->
        <test-method is-config="true" signature="quitDriver()[pri:0, instance:com.onsite.other_expenses.Create_other_expenses_test@4c12331b]" started-at="2024-11-25T16:01:26 IST" name="quitDriver" finished-at="2024-11-25T16:01:26 IST" duration-ms="0" status="PASS">
          <reporter-output>
          </reporter-output>
        </test-method> <!-- quitDriver -->
      </class> <!-- com.onsite.other_expenses.Create_other_expenses_test -->
    </test> <!-- Default test -->
  </suite> <!-- Default suite -->
</testng-results>
